生成启动时间为 11/30/2018 12:13:02 PM。
     1>项目“D:\TestCode\gitcode\tinyxml\WinEventXml\WinEventXml.vcxproj”在节点 2 上(Build 个目标)。
     1>ClCompile:
         D:\Program Files (x86)\Microsoft Visual Studio 11.0\VC\bin\x86_amd64\CL.exe /c /ID:\TestCode\gitcode\tinyxml\WinEventXml /Zi /nologo /W3 /WX- /sdl /Od /D WIN32 /D _DEBUG /D _CONSOLE /D RC_INVOKED /D _UNICODE /D UNICODE /Gm /EHsc /RTC1 /MDd /GS /fp:precise /Zc:wchar_t /Zc:forScope /Yc"stdafx.h" /Fp"x64\Debug\WinEventXml.pch" /Fo"x64\Debug\\" /Fd"x64\Debug\vc110.pdb" /Gd /TP /errorReport:prompt stdafx.cpp
         stdafx.cpp
     1>D:\Program Files (x86)\Microsoft Visual Studio 11.0\VC\include\stdio.h(260): error C2061: 语法错误: 标识符“gets_s”
     1>D:\Program Files (x86)\Microsoft Visual Studio 11.0\VC\include\stdio.h(261): error C3646: “__DEFINE_CPP_OVERLOAD_STANDARD_FUNC_0_0_EX”: 未知重写说明符
     1>D:\Program Files (x86)\Microsoft Visual Studio 11.0\VC\include\stdio.h(261): error C2061: 语法错误: 标识符“__RETURN_POLICY_SAME”
     1>D:\Program Files (x86)\Microsoft Visual Studio 11.0\VC\include\stdio.h(262): error C2091: 函数返回函数
     1>D:\Program Files (x86)\Microsoft Visual Studio 11.0\VC\include\stdio.h(262): error C2144: 语法错误:“int”的前面应有“;”
     1>D:\Program Files (x86)\Microsoft Visual Studio 11.0\VC\include\stdio.h(262): error C4430: 缺少类型说明符 - 假定为 int。注意: C++ 不支持默认 int
     1>D:\Program Files (x86)\Microsoft Visual Studio 11.0\VC\include\stdio.h(305): error C2061: 语法错误: 标识符“_snprintf_s”
     1>D:\Program Files (x86)\Microsoft Visual Studio 11.0\VC\include\stdio.h(307): error C2144: 语法错误:“int”的前面应有“;”
     1>D:\Program Files (x86)\Microsoft Visual Studio 11.0\VC\include\stdio.h(307): error C4430: 缺少类型说明符 - 假定为 int。注意: C++ 不支持默认 int
     1>D:\Program Files (x86)\Microsoft Visual Studio 11.0\VC\include\stdio.h(309): error C2061: 语法错误: 标识符“sprintf_s”
     1>D:\Program Files (x86)\Microsoft Visual Studio 11.0\VC\include\stdio.h(310): error C2144: 语法错误:“int”的前面应有“;”
     1>D:\Program Files (x86)\Microsoft Visual Studio 11.0\VC\include\stdio.h(310): error C4430: 缺少类型说明符 - 假定为 int。注意: C++ 不支持默认 int
     1>D:\Program Files (x86)\Microsoft Visual Studio 11.0\VC\include\stdio.h(329): error C2061: 语法错误: 标识符“tmpnam_s”
     1>D:\Program Files (x86)\Microsoft Visual Studio 11.0\VC\include\stdio.h(330): error C3646: “__DEFINE_CPP_OVERLOAD_STANDARD_FUNC_0_0_EX”: 未知重写说明符
     1>D:\Program Files (x86)\Microsoft Visual Studio 11.0\VC\include\stdio.h(330): error C2061: 语法错误: 标识符“__RETURN_POLICY_DST”
     1>D:\Program Files (x86)\Microsoft Visual Studio 11.0\VC\include\stdio.h(331): error C2091: 函数返回函数
     1>D:\Program Files (x86)\Microsoft Visual Studio 11.0\VC\include\stdio.h(331): error C2144: 语法错误:“int”的前面应有“;”
     1>D:\Program Files (x86)\Microsoft Visual Studio 11.0\VC\include\stdio.h(331): error C4430: 缺少类型说明符 - 假定为 int。注意: C++ 不支持默认 int
     1>D:\Program Files (x86)\Microsoft Visual Studio 11.0\VC\include\stdio.h(329): error C2733: “__DEFINE_CPP_OVERLOAD_SECURE_FUNC_0_0”: 不允许重载函数的第二个 C 链接
                 D:\Program Files (x86)\Microsoft Visual Studio 11.0\VC\include\stdio.h(260) : 参见“__DEFINE_CPP_OVERLOAD_SECURE_FUNC_0_0”的声明
     1>D:\Program Files (x86)\Microsoft Visual Studio 11.0\VC\include\stdio.h(343): error C2061: 语法错误: 标识符“vsnprintf_s”
     1>D:\Program Files (x86)\Microsoft Visual Studio 11.0\VC\include\stdio.h(345): error C2144: 语法错误:“int”的前面应有“;”
     1>D:\Program Files (x86)\Microsoft Visual Studio 11.0\VC\include\stdio.h(345): error C4430: 缺少类型说明符 - 假定为 int。注意: C++ 不支持默认 int
     1>D:\Program Files (x86)\Microsoft Visual Studio 11.0\VC\include\stdio.h(346): error C2061: 语法错误: 标识符“_vsnprintf_s”
     1>D:\Program Files (x86)\Microsoft Visual Studio 11.0\VC\include\stdio.h(349): error C3646: “__DEFINE_CPP_OVERLOAD_STANDARD_NFUNC_0_2_ARGLIST_EX”: 未知重写说明符
     1>D:\Program Files (x86)\Microsoft Visual Studio 11.0\VC\include\stdio.h(349): error C2061: 语法错误: 标识符“__RETURN_POLICY_SAME”
     1>D:\Program Files (x86)\Microsoft Visual Studio 11.0\VC\include\stdio.h(352): error C2091: 函数返回函数
     1>D:\Program Files (x86)\Microsoft Visual Studio 11.0\VC\include\stdio.h(352): error C2144: 语法错误:“int”的前面应有“;”
     1>D:\Program Files (x86)\Microsoft Visual Studio 11.0\VC\include\stdio.h(352): error C4430: 缺少类型说明符 - 假定为 int。注意: C++ 不支持默认 int
     1>D:\Program Files (x86)\Microsoft Visual Studio 11.0\VC\include\stdio.h(352): error C2556: “int (__cdecl *__DEFINE_CPP_OVERLOAD_SECURE_FUNC_0_3(int))(int)”: 重载函数与“int __DEFINE_CPP_OVERLOAD_SECURE_FUNC_0_3(int)”只是在返回类型上不同
                 D:\Program Files (x86)\Microsoft Visual Studio 11.0\VC\include\stdio.h(343) : 参见“__DEFINE_CPP_OVERLOAD_SECURE_FUNC_0_3”的声明
     1>D:\Program Files (x86)\Microsoft Visual Studio 11.0\VC\include\stdio.h(352): error C2373: “__DEFINE_CPP_OVERLOAD_SECURE_FUNC_0_3”: 重定义；不同的类型修饰符
                 D:\Program Files (x86)\Microsoft Visual Studio 11.0\VC\include\stdio.h(343) : 参见“__DEFINE_CPP_OVERLOAD_SECURE_FUNC_0_3”的声明
     1>D:\Program Files (x86)\Microsoft Visual Studio 11.0\VC\include\stdio.h(353): error C2061: 语法错误: 标识符“vsprintf_s”
     1>D:\Program Files (x86)\Microsoft Visual Studio 11.0\VC\include\stdio.h(357): error C3646: “__DEFINE_CPP_OVERLOAD_STANDARD_FUNC_0_1_ARGLIST_EX”: 未知重写说明符
     1>D:\Program Files (x86)\Microsoft Visual Studio 11.0\VC\include\stdio.h(357): error C2061: 语法错误: 标识符“__RETURN_POLICY_SAME”
     1>D:\Program Files (x86)\Microsoft Visual Studio 11.0\VC\include\stdio.h(359): error C2091: 函数返回函数
     1>D:\Program Files (x86)\Microsoft Visual Studio 11.0\VC\include\stdio.h(359): error C2144: 语法错误:“int”的前面应有“;”
     1>D:\Program Files (x86)\Microsoft Visual Studio 11.0\VC\include\stdio.h(359): error C4430: 缺少类型说明符 - 假定为 int。注意: C++ 不支持默认 int
     1>D:\Program Files (x86)\Microsoft Visual Studio 11.0\VC\include\stdio.h(434): error C2061: 语法错误: 标识符“_getws_s”
     1>D:\Program Files (x86)\Microsoft Visual Studio 11.0\VC\include\stdio.h(435): error C3646: “__DEFINE_CPP_OVERLOAD_STANDARD_FUNC_0_0_EX”: 未知重写说明符
     1>D:\Program Files (x86)\Microsoft Visual Studio 11.0\VC\include\stdio.h(435): error C2061: 语法错误: 标识符“__RETURN_POLICY_SAME”
     1>D:\Program Files (x86)\Microsoft Visual Studio 11.0\VC\include\stdio.h(436): error C2091: 函数返回函数
     1>D:\Program Files (x86)\Microsoft Visual Studio 11.0\VC\include\stdio.h(436): error C2144: 语法错误:“int”的前面应有“;”
     1>D:\Program Files (x86)\Microsoft Visual Studio 11.0\VC\include\stdio.h(436): error C4430: 缺少类型说明符 - 假定为 int。注意: C++ 不支持默认 int
     1>D:\Program Files (x86)\Microsoft Visual Studio 11.0\VC\include\stdio.h(434): error C2733: “__DEFINE_CPP_OVERLOAD_SECURE_FUNC_0_0”: 不允许重载函数的第二个 C 链接
                 D:\Program Files (x86)\Microsoft Visual Studio 11.0\VC\include\stdio.h(329) : 参见“__DEFINE_CPP_OVERLOAD_SECURE_FUNC_0_0”的声明
     1>D:\Program Files (x86)\Microsoft Visual Studio 11.0\VC\include\stdio.h(459): error C2061: 语法错误: 标识符“swprintf_s”
     1>D:\Program Files (x86)\Microsoft Visual Studio 11.0\VC\include\stdio.h(461): error C2144: 语法错误:“int”的前面应有“;”
     1>D:\Program Files (x86)\Microsoft Visual Studio 11.0\VC\include\stdio.h(461): error C4430: 缺少类型说明符 - 假定为 int。注意: C++ 不支持默认 int
     1>D:\Program Files (x86)\Microsoft Visual Studio 11.0\VC\include\stdio.h(463): error C2061: 语法错误: 标识符“vswprintf_s”
     1>D:\Program Files (x86)\Microsoft Visual Studio 11.0\VC\include\stdio.h(465): error C2144: 语法错误:“int”的前面应有“;”
     1>D:\Program Files (x86)\Microsoft Visual Studio 11.0\VC\include\stdio.h(465): error C4430: 缺少类型说明符 - 假定为 int。注意: C++ 不支持默认 int
     1>D:\Program Files (x86)\Microsoft Visual Studio 11.0\VC\include\stdio.h(465): error C2556: “int __DEFINE_CPP_OVERLOAD_SECURE_FUNC_0_2(int)”: 重载函数与“int (__cdecl *__DEFINE_CPP_OVERLOAD_SECURE_FUNC_0_2(int))(int)”只是在返回类型上不同
                 D:\Program Files (x86)\Microsoft Visual Studio 11.0\VC\include\stdio.h(353) : 参见“__DEFINE_CPP_OVERLOAD_SECURE_FUNC_0_2”的声明
     1>D:\Program Files (x86)\Microsoft Visual Studio 11.0\VC\include\stdio.h(465): error C2373: “__DEFINE_CPP_OVERLOAD_SECURE_FUNC_0_2”: 重定义；不同的类型修饰符
                 D:\Program Files (x86)\Microsoft Visual Studio 11.0\VC\include\stdio.h(353) : 参见“__DEFINE_CPP_OVERLOAD_SECURE_FUNC_0_2”的声明
     1>D:\Program Files (x86)\Microsoft Visual Studio 11.0\VC\include\stdio.h(469): error C2061: 语法错误: 标识符“_snwprintf_s”
     1>D:\Program Files (x86)\Microsoft Visual Studio 11.0\VC\include\stdio.h(470): error C2144: 语法错误:“int”的前面应有“;”
     1>D:\Program Files (x86)\Microsoft Visual Studio 11.0\VC\include\stdio.h(470): error C4430: 缺少类型说明符 - 假定为 int。注意: C++ 不支持默认 int
     1>D:\Program Files (x86)\Microsoft Visual Studio 11.0\VC\include\stdio.h(471): error C2061: 语法错误: 标识符“_vsnwprintf_s”
     1>D:\Program Files (x86)\Microsoft Visual Studio 11.0\VC\include\stdio.h(474): error C3646: “__DEFINE_CPP_OVERLOAD_STANDARD_NFUNC_0_2_ARGLIST_EX”: 未知重写说明符
     1>D:\Program Files (x86)\Microsoft Visual Studio 11.0\VC\include\stdio.h(474): error C2061: 语法错误: 标识符“__RETURN_POLICY_SAME”
     1>D:\Program Files (x86)\Microsoft Visual Studio 11.0\VC\include\stdio.h(477): error C2091: 函数返回函数
     1>D:\Program Files (x86)\Microsoft Visual Studio 11.0\VC\include\stdio.h(477): error C2144: 语法错误:“int”的前面应有“;”
     1>D:\Program Files (x86)\Microsoft Visual Studio 11.0\VC\include\stdio.h(477): error C4430: 缺少类型说明符 - 假定为 int。注意: C++ 不支持默认 int
     1>D:\Program Files (x86)\Microsoft Visual Studio 11.0\VC\include\stdio.h(477): error C2556: “int (__cdecl *__DEFINE_CPP_OVERLOAD_SECURE_FUNC_0_3(int))(int)”: 重载函数与“int __DEFINE_CPP_OVERLOAD_SECURE_FUNC_0_3(int)”只是在返回类型上不同
                 D:\Program Files (x86)\Microsoft Visual Studio 11.0\VC\include\stdio.h(343) : 参见“__DEFINE_CPP_OVERLOAD_SECURE_FUNC_0_3”的声明
     1>D:\Program Files (x86)\Microsoft Visual Studio 11.0\VC\include\stdio.h(530): error C2061: 语法错误: 标识符“__RETURN_POLICY_SAME”
     1>D:\Program Files (x86)\Microsoft Visual Studio 11.0\VC\include\stdio.h(531): error C3646: “__DEFINE_CPP_OVERLOAD_STANDARD_FUNC_0_2_ARGLIST_EX”: 未知重写说明符
     1>D:\Program Files (x86)\Microsoft Visual Studio 11.0\VC\include\stdio.h(531): error C2061: 语法错误: 标识符“__RETURN_POLICY_SAME”
     1>D:\Program Files (x86)\Microsoft Visual Studio 11.0\VC\include\stdio.h(552): error C2091: 函数返回函数
     1>D:\Program Files (x86)\Microsoft Visual Studio 11.0\VC\include\stdio.h(552): error C2144: 语法错误:“wchar_t”的前面应有“;”
     1>D:\Program Files (x86)\Microsoft Visual Studio 11.0\VC\include\stdio.h(552): error C4430: 缺少类型说明符 - 假定为 int。注意: C++ 不支持默认 int
     1>D:\Program Files (x86)\Microsoft Visual Studio 11.0\VC\include\stdio.h(601): error C2061: 语法错误: 标识符“_wtmpnam_s”
     1>D:\Program Files (x86)\Microsoft Visual Studio 11.0\VC\include\stdio.h(602): error C3646: “__DEFINE_CPP_OVERLOAD_STANDARD_FUNC_0_0_EX”: 未知重写说明符
     1>D:\Program Files (x86)\Microsoft Visual Studio 11.0\VC\include\stdio.h(602): error C2061: 语法错误: 标识符“__RETURN_POLICY_DST”
     1>D:\Program Files (x86)\Microsoft Visual Studio 11.0\VC\include\stdio.h(604): error C2091: 函数返回函数
     1>D:\Program Files (x86)\Microsoft Visual Studio 11.0\VC\include\stdio.h(604): error C2144: 语法错误:“int”的前面应有“;”
     1>D:\Program Files (x86)\Microsoft Visual Studio 11.0\VC\include\stdio.h(604): error C4430: 缺少类型说明符 - 假定为 int。注意: C++ 不支持默认 int
     1>D:\Program Files (x86)\Microsoft Visual Studio 11.0\VC\include\stdio.h(604): error C2556: “int (__cdecl *__DEFINE_CPP_OVERLOAD_SECURE_FUNC_0_0(errno_t))(wchar_t *)”: 重载函数与“int (__cdecl *__DEFINE_CPP_OVERLOAD_SECURE_FUNC_0_0(errno_t))(char *)”只是在返回类型上不同
                 D:\Program Files (x86)\Microsoft Visual Studio 11.0\VC\include\stdio.h(329) : 参见“__DEFINE_CPP_OVERLOAD_SECURE_FUNC_0_0”的声明
     1>D:\Program Files (x86)\Microsoft Visual Studio 11.0\VC\include\stdio.h(604): error C2371: “__DEFINE_CPP_OVERLOAD_SECURE_FUNC_0_0”: 重定义；不同的基类型
                 D:\Program Files (x86)\Microsoft Visual Studio 11.0\VC\include\stdio.h(329) : 参见“__DEFINE_CPP_OVERLOAD_SECURE_FUNC_0_0”的声明
     1>D:\Program Files (x86)\Microsoft Visual Studio 11.0\VC\include\stdio.h(604): error C2143: 语法错误 : 缺少“;”(在“__cdecl”的前面)
     1>D:\Program Files (x86)\Microsoft Visual Studio 11.0\VC\include\stdio.h(604): error C2377: “wint_t”: 重定义；typedef 不能由任何其他符号重载
                 D:\Program Files (x86)\Microsoft Visual Studio 11.0\VC\include\crtdefs.h(475) : 参见“wint_t”的声明
     1>D:\Program Files (x86)\Microsoft Visual Studio 11.0\VC\include\stdio.h(605): error C2143: 语法错误 : 缺少“;”(在“__cdecl”的前面)
     1>D:\Program Files (x86)\Microsoft Visual Studio 11.0\VC\include\stdio.h(605): error C4430: 缺少类型说明符 - 假定为 int。注意: C++ 不支持默认 int
     1>D:\Program Files (x86)\Microsoft Visual Studio 11.0\VC\include\stdio.h(606): error C2143: 语法错误 : 缺少“;”(在“__cdecl”的前面)
     1>D:\Program Files (x86)\Microsoft Visual Studio 11.0\VC\include\stdio.h(606): error C4430: 缺少类型说明符 - 假定为 int。注意: C++ 不支持默认 int
     1>D:\Program Files (x86)\Microsoft Visual Studio 11.0\VC\include\stdio.h(606): error C2146: 语法错误: 缺少“)”(在标识符“_Ch”的前面)
     1>D:\Program Files (x86)\Microsoft Visual Studio 11.0\VC\include\stdio.h(606): warning C4229: 使用了记时错误: 忽略数据上的修饰符
     1>D:\Program Files (x86)\Microsoft Visual Studio 11.0\VC\include\stdio.h(606): error C2059: 语法错误:“)”
     1>D:\Program Files (x86)\Microsoft Visual Studio 11.0\VC\include\stdio.h(614): error C2143: 语法错误 : 缺少“;”(在“__cdecl”的前面)
     1>D:\Program Files (x86)\Microsoft Visual Studio 11.0\VC\include\stdio.h(614): error C2433: “wint_t”: 不允许在数据声明中使用“inline”
     1>D:\Program Files (x86)\Microsoft Visual Studio 11.0\VC\include\stdio.h(614): error C4430: 缺少类型说明符 - 假定为 int。注意: C++ 不支持默认 int
     1>D:\Program Files (x86)\Microsoft Visual Studio 11.0\VC\include\stdio.h(614): warning C4273: “wint_t”: dll 链接不一致
                 D:\Program Files (x86)\Microsoft Visual Studio 11.0\VC\include\stdio.h(604) : 参见“wint_t”的前一个定义
     1>D:\Program Files (x86)\Microsoft Visual Studio 11.0\VC\include\stdio.h(615): error C4430: 缺少类型说明符 - 假定为 int。注意: C++ 不支持默认 int
     1>D:\Program Files (x86)\Microsoft Visual Studio 11.0\VC\include\stdio.h(615): error C2556: “int getwchar(void)”: 重载函数与“wint_t getwchar(void)”只是在返回类型上不同
                 D:\Program Files (x86)\Microsoft Visual Studio 11.0\VC\include\stdio.h(426) : 参见“getwchar”的声明
     1>D:\Program Files (x86)\Microsoft Visual Studio 11.0\VC\include\stdio.h(615): error C2371: “getwchar”: 重定义；不同的基类型
                 D:\Program Files (x86)\Microsoft Visual Studio 11.0\VC\include\stdio.h(426) : 参见“getwchar”的声明
     1>D:\Program Files (x86)\Microsoft Visual Studio 11.0\VC\include\stdio.h(615): error C2491: “getwchar”: 不允许 dllimport 函数 的定义
     1>D:\Program Files (x86)\Microsoft Visual Studio 11.0\VC\include\stdio.h(616): error C2143: 语法错误 : 缺少“;”(在“__cdecl”的前面)
     1>D:\Program Files (x86)\Microsoft Visual Studio 11.0\VC\include\stdio.h(616): error C2433: “wint_t”: 不允许在数据声明中使用“inline”
     1>D:\Program Files (x86)\Microsoft Visual Studio 11.0\VC\include\stdio.h(616): error C4430: 缺少类型说明符 - 假定为 int。注意: C++ 不支持默认 int
     1>D:\Program Files (x86)\Microsoft Visual Studio 11.0\VC\include\stdio.h(616): error C2086: “int wint_t”: 重定义
                 D:\Program Files (x86)\Microsoft Visual Studio 11.0\VC\include\stdio.h(604) : 参见“wint_t”的声明
     1>D:\Program Files (x86)\Microsoft Visual Studio 11.0\VC\include\stdio.h(617): error C4430: 缺少类型说明符 - 假定为 int。注意: C++ 不支持默认 int
     1>D:\Program Files (x86)\Microsoft Visual Studio 11.0\VC\include\stdio.h(617): error C2556: “int putwchar(wchar_t)”: 重载函数与“wint_t putwchar(wchar_t)”只是在返回类型上不同
                 D:\Program Files (x86)\Microsoft Visual Studio 11.0\VC\include\stdio.h(428) : 参见“putwchar”的声明
     1>D:\Program Files (x86)\Microsoft Visual Studio 11.0\VC\include\stdio.h(617): error C2371: “putwchar”: 重定义；不同的基类型
                 D:\Program Files (x86)\Microsoft Visual Studio 11.0\VC\include\stdio.h(428) : 参见“putwchar”的声明
     1>D:\Program Files (x86)\Microsoft Visual Studio 11.0\VC\include\stdio.h(617): error C2491: “putwchar”: 不允许 dllimport 函数 的定义
     1>D:\Program Files (x86)\Microsoft Visual Studio 11.0\VC\include\wchar.h(230): error C2146: 语法错误: 缺少“)”(在标识符“_C”的前面)
     1>D:\Program Files (x86)\Microsoft Visual Studio 11.0\VC\include\wchar.h(230): warning C4229: 使用了记时错误: 忽略数据上的修饰符
     1>D:\Program Files (x86)\Microsoft Visual Studio 11.0\VC\include\wchar.h(230): error C2491: “iswalpha”: 不允许 dllimport 数据 的定义
     1>D:\Program Files (x86)\Microsoft Visual Studio 11.0\VC\include\wchar.h(230): error C2059: 语法错误:“)”
     1>D:\Program Files (x86)\Microsoft Visual Studio 11.0\VC\include\wchar.h(231): error C2146: 语法错误: 缺少“)”(在标识符“_C”的前面)
     1>D:\Program Files (x86)\Microsoft Visual Studio 11.0\VC\include\wchar.h(231): warning C4229: 使用了记时错误: 忽略数据上的修饰符
     1>D:\Program Files (x86)\Microsoft Visual Studio 11.0\VC\include\wchar.h(231): error C2491: “_iswalpha_l”: 不允许 dllimport 数据 的定义
     1>D:\Program Files (x86)\Microsoft Visual Studio 11.0\VC\include\wchar.h(231): error C2059: 语法错误:“)”
     1>D:\Program Files (x86)\Microsoft Visual Studio 11.0\VC\include\wchar.h(232): error C2146: 语法错误: 缺少“)”(在标识符“_C”的前面)
     1>D:\Program Files (x86)\Microsoft Visual Studio 11.0\VC\include\wchar.h(232): warning C4229: 使用了记时错误: 忽略数据上的修饰符
     1>D:\Program Files (x86)\Microsoft Visual Studio 11.0\VC\include\wchar.h(232): error C2491: “iswupper”: 不允许 dllimport 数据 的定义
     1>D:\Program Files (x86)\Microsoft Visual Studio 11.0\VC\include\wchar.h(232): error C2059: 语法错误:“)”
     1>D:\Program Files (x86)\Microsoft Visual Studio 11.0\VC\include\wchar.h(233): error C2146: 语法错误: 缺少“)”(在标识符“_C”的前面)
     1>D:\Program Files (x86)\Microsoft Visual Studio 11.0\VC\include\wchar.h(233): warning C4229: 使用了记时错误: 忽略数据上的修饰符
     1>D:\Program Files (x86)\Microsoft Visual Studio 11.0\VC\include\wchar.h(233): error C2491: “_iswupper_l”: 不允许 dllimport 数据 的定义
     1>D:\Program Files (x86)\Microsoft Visual Studio 11.0\VC\include\wchar.h(233): error C2059: 语法错误:“)”
     1>D:\Program Files (x86)\Microsoft Visual Studio 11.0\VC\include\wchar.h(234): error C2146: 语法错误: 缺少“)”(在标识符“_C”的前面)
     1>D:\Program Files (x86)\Microsoft Visual Studio 11.0\VC\include\wchar.h(234): warning C4229: 使用了记时错误: 忽略数据上的修饰符
     1>D:\Program Files (x86)\Microsoft Visual Studio 11.0\VC\include\wchar.h(234): error C2491: “iswlower”: 不允许 dllimport 数据 的定义
     1>D:\Program Files (x86)\Microsoft Visual Studio 11.0\VC\include\wchar.h(234): error C2059: 语法错误:“)”
     1>D:\Program Files (x86)\Microsoft Visual Studio 11.0\VC\include\wchar.h(235): error C2146: 语法错误: 缺少“)”(在标识符“_C”的前面)
     1>D:\Program Files (x86)\Microsoft Visual Studio 11.0\VC\include\wchar.h(235): warning C4229: 使用了记时错误: 忽略数据上的修饰符
     1>D:\Program Files (x86)\Microsoft Visual Studio 11.0\VC\include\wchar.h(235): error C2491: “_iswlower_l”: 不允许 dllimport 数据 的定义
     1>D:\Program Files (x86)\Microsoft Visual Studio 11.0\VC\include\wchar.h(235): error C2059: 语法错误:“)”
     1>D:\Program Files (x86)\Microsoft Visual Studio 11.0\VC\include\wchar.h(236): error C2146: 语法错误: 缺少“)”(在标识符“_C”的前面)
     1>D:\Program Files (x86)\Microsoft Visual Studio 11.0\VC\include\wchar.h(236): warning C4229: 使用了记时错误: 忽略数据上的修饰符
     1>D:\Program Files (x86)\Microsoft Visual Studio 11.0\VC\include\wchar.h(236): error C2491: “iswdigit”: 不允许 dllimport 数据 的定义
     1>D:\Program Files (x86)\Microsoft Visual Studio 11.0\VC\include\wchar.h(236): error C2059: 语法错误:“)”
     1>D:\Program Files (x86)\Microsoft Visual Studio 11.0\VC\include\wchar.h(237): error C2146: 语法错误: 缺少“)”(在标识符“_C”的前面)
     1>D:\Program Files (x86)\Microsoft Visual Studio 11.0\VC\include\wchar.h(237): warning C4229: 使用了记时错误: 忽略数据上的修饰符
     1>D:\Program Files (x86)\Microsoft Visual Studio 11.0\VC\include\wchar.h(237): error C2491: “_iswdigit_l”: 不允许 dllimport 数据 的定义
     1>D:\Program Files (x86)\Microsoft Visual Studio 11.0\VC\include\wchar.h(237): fatal error C1003: 错误计数超过 100；正在停止编译
     1>已完成生成项目“D:\TestCode\gitcode\tinyxml\WinEventXml\WinEventXml.vcxproj”(Build 个目标)的操作 - 失败。

生成失败。

已用时间 00:00:00.26
